System.Net Error: 0 : [18388] Exception in AppDomain#12549444::UnhandledExceptionHandler - The requested address is not valid in its context.
   at System.Net.Sockets.Socket.DoBind(EndPoint endPointSnapshot, SocketAddress socketAddress)
   at System.Net.Sockets.Socket.Bind(EndPoint localEP)
   at System.Net.Sockets.TcpListener.Start(Int32 backlog)
   at System.Net.Sockets.TcpListener.Start()
   at SharpFtpServer.FtpServer.Start() in C:\Users\skitchen\Documents\TFS\SandBox\Coop\LPR_FTP\FTPWorks\SharpFtpServer\FtpServer.cs:line 49
   at SharpFtpServer.Program.Main(String[] args) in C:\Users\skitchen\Documents\TFS\SandBox\Coop\LPR_FTP\FTPWorks\SharpFtpServer\Program.cs:line 21
   at System.AppDomain._nExecuteAssembly(RuntimeAssembly assembly, String[] args)
   at System.AppDomain.ExecuteAssembly(String assemblyFile, Evidence assemblySecurity, String[] args)
   at Microsoft.VisualStudio.HostingProcess.HostProc.RunUsersAssembly()
   at System.Threading.ThreadHelper.ThreadStart_Context(Object state)
   at System.Threading.ExecutionContext.RunInternal(ExecutionContext executionContext, ContextCallback callback, Object state, Boolean preserveSyncCtx)
   at System.Threading.ExecutionContext.Run(ExecutionContext executionContext, ContextCallback callback, Object state, Boolean preserveSyncCtx)
   at System.Threading.ExecutionContext.Run(ExecutionContext executionContext, ContextCallback callback, Object state)
   at System.Threading.ThreadHelper.ThreadStart()
System.Net Error: 0 : [4608] Exception in AppDomain#12547953::UnhandledExceptionHandler - The requested address is not valid in its context.
   at System.Net.Sockets.Socket.DoBind(EndPoint endPointSnapshot, SocketAddress socketAddress)
   at System.Net.Sockets.Socket.Bind(EndPoint localEP)
   at System.Net.Sockets.TcpListener.Start(Int32 backlog)
   at System.Net.Sockets.TcpListener.Start()
   at SharpFtpServer.FtpServer.Start() in C:\Users\skitchen\Documents\TFS\SandBox\Coop\LPR_FTP\FTPWorks\SharpFtpServer\FtpServer.cs:line 45
   at SharpFtpServer.Program.Main(String[] args) in C:\Users\skitchen\Documents\TFS\SandBox\Coop\LPR_FTP\FTPWorks\SharpFtpServer\Program.cs:line 21
   at System.AppDomain._nExecuteAssembly(RuntimeAssembly assembly, String[] args)
   at System.AppDomain.ExecuteAssembly(String assemblyFile, Evidence assemblySecurity, String[] args)
   at Microsoft.VisualStudio.HostingProcess.HostProc.RunUsersAssembly()
   at System.Threading.ThreadHelper.ThreadStart_Context(Object state)
   at System.Threading.ExecutionContext.RunInternal(ExecutionContext executionContext, ContextCallback callback, Object state, Boolean preserveSyncCtx)
   at System.Threading.ExecutionContext.Run(ExecutionContext executionContext, ContextCallback callback, Object state, Boolean preserveSyncCtx)
   at System.Threading.ExecutionContext.Run(ExecutionContext executionContext, ContextCallback callback, Object state)
   at System.Threading.ThreadHelper.ThreadStart()
